CRITICAL - 2022-03-03 14:13:29 --> Undefined constant "CodeIgniter\Database\MySQLi\MYSQLI_STORE_RESULT"
#0 C:\wamp64\www\codeigniter4\system\Database\Database.php(56): CodeIgniter\Database\Database->initDriver()
#1 C:\wamp64\www\codeigniter4\system\Database\Config.php(78): CodeIgniter\Database\Database->load()
#2 C:\wamp64\www\codeigniter4\system\Model.php(97): CodeIgniter\Database\Config::connect()
#3 C:\wamp64\www\codeigniter4\app\Controllers\Customer.php(12): CodeIgniter\Model->__construct()
#4 C:\wamp64\www\codeigniter4\system\CodeIgniter.php(809): App\Controllers\Customer->__construct()
#5 C:\wamp64\www\codeigniter4\system\CodeIgniter.php(410): CodeIgniter\CodeIgniter->createController()
#6 C:\wamp64\www\codeigniter4\system\CodeIgniter.php(326): CodeIgniter\CodeIgniter->handleRequest()
#7 C:\wamp64\www\codeigniter4\public\index.php(37): CodeIgniter\CodeIgniter->run()
#8 C:\wamp64\www\codeigniter4\system\Commands\Server\rewrite.php(43): require_once('...')
#9 {main}
CRITICAL - 2022-03-03 14:13:39 --> Undefined constant "CodeIgniter\Database\MySQLi\MYSQLI_STORE_RESULT"
#0 C:\wamp64\www\codeigniter4\system\Database\Database.php(56): CodeIgniter\Database\Database->initDriver()
#1 C:\wamp64\www\codeigniter4\system\Database\Config.php(78): CodeIgniter\Database\Database->load()
#2 C:\wamp64\www\codeigniter4\system\Model.php(97): CodeIgniter\Database\Config::connect()
#3 C:\wamp64\www\codeigniter4\app\Controllers\Customer.php(12): CodeIgniter\Model->__construct()
#4 C:\wamp64\www\codeigniter4\system\CodeIgniter.php(809): App\Controllers\Customer->__construct()
#5 C:\wamp64\www\codeigniter4\system\CodeIgniter.php(410): CodeIgniter\CodeIgniter->createController()
#6 C:\wamp64\www\codeigniter4\system\CodeIgniter.php(326): CodeIgniter\CodeIgniter->handleRequest()
#7 C:\wamp64\www\codeigniter4\public\index.php(37): CodeIgniter\CodeIgniter->run()
#8 C:\wamp64\www\codeigniter4\system\Commands\Server\rewrite.php(43): require_once('...')
#9 {main}
CRITICAL - 2022-03-03 14:14:01 --> Undefined constant "CodeIgniter\Database\MySQLi\MYSQLI_STORE_RESULT"
#0 C:\wamp64\www\codeigniter4\system\Database\Database.php(56): CodeIgniter\Database\Database->initDriver()
#1 C:\wamp64\www\codeigniter4\system\Database\Config.php(78): CodeIgniter\Database\Database->load()
#2 C:\wamp64\www\codeigniter4\system\Model.php(97): CodeIgniter\Database\Config::connect()
#3 C:\wamp64\www\codeigniter4\app\Controllers\Customer.php(12): CodeIgniter\Model->__construct()
#4 C:\wamp64\www\codeigniter4\system\CodeIgniter.php(809): App\Controllers\Customer->__construct()
#5 C:\wamp64\www\codeigniter4\system\CodeIgniter.php(410): CodeIgniter\CodeIgniter->createController()
#6 C:\wamp64\www\codeigniter4\system\CodeIgniter.php(326): CodeIgniter\CodeIgniter->handleRequest()
#7 C:\wamp64\www\codeigniter4\public\index.php(37): CodeIgniter\CodeIgniter->run()
#8 C:\wamp64\www\codeigniter4\system\Commands\Server\rewrite.php(43): require_once('...')
#9 {main}
CRITICAL - 2022-03-03 14:14:19 --> Undefined constant "CodeIgniter\Database\MySQLi\MYSQLI_STORE_RESULT"
#0 C:\wamp64\www\codeigniter4\system\Database\Database.php(56): CodeIgniter\Database\Database->initDriver()
#1 C:\wamp64\www\codeigniter4\system\Database\Config.php(78): CodeIgniter\Database\Database->load()
#2 C:\wamp64\www\codeigniter4\system\Model.php(97): CodeIgniter\Database\Config::connect()
#3 C:\wamp64\www\codeigniter4\app\Controllers\Customer.php(12): CodeIgniter\Model->__construct()
#4 C:\wamp64\www\codeigniter4\system\CodeIgniter.php(809): App\Controllers\Customer->__construct()
#5 C:\wamp64\www\codeigniter4\system\CodeIgniter.php(410): CodeIgniter\CodeIgniter->createController()
#6 C:\wamp64\www\codeigniter4\system\CodeIgniter.php(326): CodeIgniter\CodeIgniter->handleRequest()
#7 C:\wamp64\www\codeigniter4\public\index.php(37): CodeIgniter\CodeIgniter->run()
#8 C:\wamp64\www\codeigniter4\system\Commands\Server\rewrite.php(43): require_once('...')
#9 {main}
CRITICAL - 2022-03-03 14:14:20 --> Undefined constant "CodeIgniter\Database\MySQLi\MYSQLI_STORE_RESULT"
#0 C:\wamp64\www\codeigniter4\system\Database\Database.php(56): CodeIgniter\Database\Database->initDriver()
#1 C:\wamp64\www\codeigniter4\system\Database\Config.php(78): CodeIgniter\Database\Database->load()
#2 C:\wamp64\www\codeigniter4\system\Model.php(97): CodeIgniter\Database\Config::connect()
#3 C:\wamp64\www\codeigniter4\app\Controllers\Customer.php(12): CodeIgniter\Model->__construct()
#4 C:\wamp64\www\codeigniter4\system\CodeIgniter.php(809): App\Controllers\Customer->__construct()
#5 C:\wamp64\www\codeigniter4\system\CodeIgniter.php(410): CodeIgniter\CodeIgniter->createController()
#6 C:\wamp64\www\codeigniter4\system\CodeIgniter.php(326): CodeIgniter\CodeIgniter->handleRequest()
#7 C:\wamp64\www\codeigniter4\public\index.php(37): CodeIgniter\CodeIgniter->run()
#8 C:\wamp64\www\codeigniter4\system\Commands\Server\rewrite.php(43): require_once('...')
#9 {main}
CRITICAL - 2022-03-03 14:14:21 --> Undefined constant "CodeIgniter\Database\MySQLi\MYSQLI_STORE_RESULT"
#0 C:\wamp64\www\codeigniter4\system\Database\Database.php(56): CodeIgniter\Database\Database->initDriver()
#1 C:\wamp64\www\codeigniter4\system\Database\Config.php(78): CodeIgniter\Database\Database->load()
#2 C:\wamp64\www\codeigniter4\system\Model.php(97): CodeIgniter\Database\Config::connect()
#3 C:\wamp64\www\codeigniter4\app\Controllers\Customer.php(12): CodeIgniter\Model->__construct()
#4 C:\wamp64\www\codeigniter4\system\CodeIgniter.php(809): App\Controllers\Customer->__construct()
#5 C:\wamp64\www\codeigniter4\system\CodeIgniter.php(410): CodeIgniter\CodeIgniter->createController()
#6 C:\wamp64\www\codeigniter4\system\CodeIgniter.php(326): CodeIgniter\CodeIgniter->handleRequest()
#7 C:\wamp64\www\codeigniter4\public\index.php(37): CodeIgniter\CodeIgniter->run()
#8 C:\wamp64\www\codeigniter4\system\Commands\Server\rewrite.php(43): require_once('...')
#9 {main}
CRITICAL - 2022-03-03 14:15:20 --> Undefined constant "CodeIgniter\Database\MySQLi\MYSQLI_STORE_RESULT"
#0 C:\wamp64\www\codeigniter4\system\Database\Database.php(56): CodeIgniter\Database\Database->initDriver()
#1 C:\wamp64\www\codeigniter4\system\Database\Config.php(78): CodeIgniter\Database\Database->load()
#2 C:\wamp64\www\codeigniter4\system\Model.php(97): CodeIgniter\Database\Config::connect()
#3 C:\wamp64\www\codeigniter4\app\Controllers\Customer.php(12): CodeIgniter\Model->__construct()
#4 C:\wamp64\www\codeigniter4\system\CodeIgniter.php(809): App\Controllers\Customer->__construct()
#5 C:\wamp64\www\codeigniter4\system\CodeIgniter.php(410): CodeIgniter\CodeIgniter->createController()
#6 C:\wamp64\www\codeigniter4\system\CodeIgniter.php(326): CodeIgniter\CodeIgniter->handleRequest()
#7 C:\wamp64\www\codeigniter4\public\index.php(37): CodeIgniter\CodeIgniter->run()
#8 C:\wamp64\www\codeigniter4\system\Commands\Server\rewrite.php(43): require_once('...')
#9 {main}
CRITICAL - 2022-03-03 14:15:30 --> Undefined constant "CodeIgniter\Database\MySQLi\MYSQLI_STORE_RESULT"
#0 C:\wamp64\www\codeigniter4\system\Database\Database.php(56): CodeIgniter\Database\Database->initDriver()
#1 C:\wamp64\www\codeigniter4\system\Database\Config.php(78): CodeIgniter\Database\Database->load()
#2 C:\wamp64\www\codeigniter4\system\Model.php(97): CodeIgniter\Database\Config::connect()
#3 C:\wamp64\www\codeigniter4\app\Controllers\Customer.php(12): CodeIgniter\Model->__construct()
#4 C:\wamp64\www\codeigniter4\system\CodeIgniter.php(809): App\Controllers\Customer->__construct()
#5 C:\wamp64\www\codeigniter4\system\CodeIgniter.php(410): CodeIgniter\CodeIgniter->createController()
#6 C:\wamp64\www\codeigniter4\system\CodeIgniter.php(326): CodeIgniter\CodeIgniter->handleRequest()
#7 C:\wamp64\www\codeigniter4\public\index.php(37): CodeIgniter\CodeIgniter->run()
#8 C:\wamp64\www\codeigniter4\system\Commands\Server\rewrite.php(43): require_once('...')
#9 {main}
CRITICAL - 2022-03-03 14:15:34 --> Undefined constant "CodeIgniter\Database\MySQLi\MYSQLI_STORE_RESULT"
#0 C:\wamp64\www\codeigniter4\system\Database\Database.php(56): CodeIgniter\Database\Database->initDriver()
#1 C:\wamp64\www\codeigniter4\system\Database\Config.php(78): CodeIgniter\Database\Database->load()
#2 C:\wamp64\www\codeigniter4\system\Model.php(97): CodeIgniter\Database\Config::connect()
#3 C:\wamp64\www\codeigniter4\app\Controllers\Customer.php(12): CodeIgniter\Model->__construct()
#4 C:\wamp64\www\codeigniter4\system\CodeIgniter.php(809): App\Controllers\Customer->__construct()
#5 C:\wamp64\www\codeigniter4\system\CodeIgniter.php(410): CodeIgniter\CodeIgniter->createController()
#6 C:\wamp64\www\codeigniter4\system\CodeIgniter.php(326): CodeIgniter\CodeIgniter->handleRequest()
#7 C:\wamp64\www\codeigniter4\public\index.php(37): CodeIgniter\CodeIgniter->run()
#8 C:\wamp64\www\codeigniter4\system\Commands\Server\rewrite.php(43): require_once('...')
#9 {main}
CRITICAL - 2022-03-03 14:15:42 --> Undefined constant "CodeIgniter\Database\MySQLi\MYSQLI_STORE_RESULT"
#0 C:\wamp64\www\codeigniter4\system\Database\Database.php(56): CodeIgniter\Database\Database->initDriver()
#1 C:\wamp64\www\codeigniter4\system\Database\Config.php(78): CodeIgniter\Database\Database->load()
#2 C:\wamp64\www\codeigniter4\system\Model.php(97): CodeIgniter\Database\Config::connect()
#3 C:\wamp64\www\codeigniter4\app\Controllers\Customer.php(12): CodeIgniter\Model->__construct()
#4 C:\wamp64\www\codeigniter4\system\CodeIgniter.php(809): App\Controllers\Customer->__construct()
#5 C:\wamp64\www\codeigniter4\system\CodeIgniter.php(410): CodeIgniter\CodeIgniter->createController()
#6 C:\wamp64\www\codeigniter4\system\CodeIgniter.php(326): CodeIgniter\CodeIgniter->handleRequest()
#7 C:\wamp64\www\codeigniter4\public\index.php(37): CodeIgniter\CodeIgniter->run()
#8 C:\wamp64\www\codeigniter4\system\Commands\Server\rewrite.php(43): require_once('...')
#9 {main}
CRITICAL - 2022-03-03 14:17:45 --> Undefined constant "CodeIgniter\Database\MySQLi\MYSQLI_STORE_RESULT"
#0 C:\wamp64\www\codeigniter4\system\Database\Database.php(56): CodeIgniter\Database\Database->initDriver()
#1 C:\wamp64\www\codeigniter4\system\Database\Config.php(78): CodeIgniter\Database\Database->load()
#2 C:\wamp64\www\codeigniter4\system\Model.php(97): CodeIgniter\Database\Config::connect()
#3 C:\wamp64\www\codeigniter4\app\Controllers\Customer.php(12): CodeIgniter\Model->__construct()
#4 C:\wamp64\www\codeigniter4\system\CodeIgniter.php(809): App\Controllers\Customer->__construct()
#5 C:\wamp64\www\codeigniter4\system\CodeIgniter.php(410): CodeIgniter\CodeIgniter->createController()
#6 C:\wamp64\www\codeigniter4\system\CodeIgniter.php(326): CodeIgniter\CodeIgniter->handleRequest()
#7 C:\wamp64\www\codeigniter4\public\index.php(37): CodeIgniter\CodeIgniter->run()
#8 C:\wamp64\www\codeigniter4\system\Commands\Server\rewrite.php(43): require_once('...')
#9 {main}
CRITICAL - 2022-03-03 14:17:46 --> Undefined constant "CodeIgniter\Database\MySQLi\MYSQLI_STORE_RESULT"
#0 C:\wamp64\www\codeigniter4\system\Database\Database.php(56): CodeIgniter\Database\Database->initDriver()
#1 C:\wamp64\www\codeigniter4\system\Database\Config.php(78): CodeIgniter\Database\Database->load()
#2 C:\wamp64\www\codeigniter4\system\Model.php(97): CodeIgniter\Database\Config::connect()
#3 C:\wamp64\www\codeigniter4\app\Controllers\Customer.php(12): CodeIgniter\Model->__construct()
#4 C:\wamp64\www\codeigniter4\system\CodeIgniter.php(809): App\Controllers\Customer->__construct()
#5 C:\wamp64\www\codeigniter4\system\CodeIgniter.php(410): CodeIgniter\CodeIgniter->createController()
#6 C:\wamp64\www\codeigniter4\system\CodeIgniter.php(326): CodeIgniter\CodeIgniter->handleRequest()
#7 C:\wamp64\www\codeigniter4\public\index.php(37): CodeIgniter\CodeIgniter->run()
#8 C:\wamp64\www\codeigniter4\system\Commands\Server\rewrite.php(43): require_once('...')
#9 {main}
CRITICAL - 2022-03-03 14:17:52 --> Undefined constant "CodeIgniter\Database\MySQLi\MYSQLI_STORE_RESULT"
#0 C:\wamp64\www\codeigniter4\system\Database\Database.php(56): CodeIgniter\Database\Database->initDriver()
#1 C:\wamp64\www\codeigniter4\system\Database\Config.php(78): CodeIgniter\Database\Database->load()
#2 C:\wamp64\www\codeigniter4\system\Model.php(97): CodeIgniter\Database\Config::connect()
#3 C:\wamp64\www\codeigniter4\app\Controllers\Customer.php(12): CodeIgniter\Model->__construct()
#4 C:\wamp64\www\codeigniter4\system\CodeIgniter.php(809): App\Controllers\Customer->__construct()
#5 C:\wamp64\www\codeigniter4\system\CodeIgniter.php(410): CodeIgniter\CodeIgniter->createController()
#6 C:\wamp64\www\codeigniter4\system\CodeIgniter.php(326): CodeIgniter\CodeIgniter->handleRequest()
#7 C:\wamp64\www\codeigniter4\public\index.php(37): CodeIgniter\CodeIgniter->run()
#8 C:\wamp64\www\codeigniter4\system\Commands\Server\rewrite.php(43): require_once('...')
#9 {main}
CRITICAL - 2022-03-03 14:17:55 --> Undefined constant "CodeIgniter\Database\MySQLi\MYSQLI_STORE_RESULT"
#0 C:\wamp64\www\codeigniter4\system\Database\Database.php(56): CodeIgniter\Database\Database->initDriver()
#1 C:\wamp64\www\codeigniter4\system\Database\Config.php(78): CodeIgniter\Database\Database->load()
#2 C:\wamp64\www\codeigniter4\system\Model.php(97): CodeIgniter\Database\Config::connect()
#3 C:\wamp64\www\codeigniter4\app\Controllers\Customer.php(12): CodeIgniter\Model->__construct()
#4 C:\wamp64\www\codeigniter4\system\CodeIgniter.php(809): App\Controllers\Customer->__construct()
#5 C:\wamp64\www\codeigniter4\system\CodeIgniter.php(410): CodeIgniter\CodeIgniter->createController()
#6 C:\wamp64\www\codeigniter4\system\CodeIgniter.php(326): CodeIgniter\CodeIgniter->handleRequest()
#7 C:\wamp64\www\codeigniter4\public\index.php(37): CodeIgniter\CodeIgniter->run()
#8 C:\wamp64\www\codeigniter4\system\Commands\Server\rewrite.php(43): require_once('...')
#9 {main}
CRITICAL - 2022-03-03 14:18:01 --> Undefined constant "CodeIgniter\Database\MySQLi\MYSQLI_STORE_RESULT"
#0 C:\wamp64\www\codeigniter4\system\Database\Database.php(56): CodeIgniter\Database\Database->initDriver()
#1 C:\wamp64\www\codeigniter4\system\Database\Config.php(78): CodeIgniter\Database\Database->load()
#2 C:\wamp64\www\codeigniter4\system\Model.php(97): CodeIgniter\Database\Config::connect()
#3 C:\wamp64\www\codeigniter4\app\Controllers\Customer.php(12): CodeIgniter\Model->__construct()
#4 C:\wamp64\www\codeigniter4\system\CodeIgniter.php(809): App\Controllers\Customer->__construct()
#5 C:\wamp64\www\codeigniter4\system\CodeIgniter.php(410): CodeIgniter\CodeIgniter->createController()
#6 C:\wamp64\www\codeigniter4\system\CodeIgniter.php(326): CodeIgniter\CodeIgniter->handleRequest()
#7 C:\wamp64\www\codeigniter4\public\index.php(37): CodeIgniter\CodeIgniter->run()
#8 {main}
CRITICAL - 2022-03-03 14:18:04 --> Undefined constant "CodeIgniter\Database\MySQLi\MYSQLI_STORE_RESULT"
#0 C:\wamp64\www\codeigniter4\system\Database\Database.php(56): CodeIgniter\Database\Database->initDriver()
#1 C:\wamp64\www\codeigniter4\system\Database\Config.php(78): CodeIgniter\Database\Database->load()
#2 C:\wamp64\www\codeigniter4\system\Model.php(97): CodeIgniter\Database\Config::connect()
#3 C:\wamp64\www\codeigniter4\app\Controllers\Customer.php(12): CodeIgniter\Model->__construct()
#4 C:\wamp64\www\codeigniter4\system\CodeIgniter.php(809): App\Controllers\Customer->__construct()
#5 C:\wamp64\www\codeigniter4\system\CodeIgniter.php(410): CodeIgniter\CodeIgniter->createController()
#6 C:\wamp64\www\codeigniter4\system\CodeIgniter.php(326): CodeIgniter\CodeIgniter->handleRequest()
#7 C:\wamp64\www\codeigniter4\public\index.php(37): CodeIgniter\CodeIgniter->run()
#8 C:\wamp64\www\codeigniter4\system\Commands\Server\rewrite.php(43): require_once('...')
#9 {main}
CRITICAL - 2022-03-03 14:19:42 --> Undefined constant "CodeIgniter\Database\MySQLi\MYSQLI_STORE_RESULT"
#0 C:\wamp64\www\codeigniter4\system\Database\Database.php(56): CodeIgniter\Database\Database->initDriver()
#1 C:\wamp64\www\codeigniter4\system\Database\Config.php(78): CodeIgniter\Database\Database->load()
#2 C:\wamp64\www\codeigniter4\system\Model.php(97): CodeIgniter\Database\Config::connect()
#3 C:\wamp64\www\codeigniter4\app\Controllers\Customer.php(12): CodeIgniter\Model->__construct()
#4 C:\wamp64\www\codeigniter4\system\CodeIgniter.php(809): App\Controllers\Customer->__construct()
#5 C:\wamp64\www\codeigniter4\system\CodeIgniter.php(410): CodeIgniter\CodeIgniter->createController()
#6 C:\wamp64\www\codeigniter4\system\CodeIgniter.php(326): CodeIgniter\CodeIgniter->handleRequest()
#7 C:\wamp64\www\codeigniter4\public\index.php(37): CodeIgniter\CodeIgniter->run()
#8 C:\wamp64\www\codeigniter4\system\Commands\Server\rewrite.php(43): require_once('...')
#9 {main}
CRITICAL - 2022-03-03 14:20:14 --> Undefined constant "CodeIgniter\Database\MySQLi\MYSQLI_STORE_RESULT"
#0 C:\wamp64\www\codeigniter4\system\Database\Database.php(56): CodeIgniter\Database\Database->initDriver()
#1 C:\wamp64\www\codeigniter4\system\Database\Config.php(78): CodeIgniter\Database\Database->load()
#2 C:\wamp64\www\codeigniter4\system\Model.php(97): CodeIgniter\Database\Config::connect()
#3 C:\wamp64\www\codeigniter4\app\Controllers\Customer.php(12): CodeIgniter\Model->__construct()
#4 C:\wamp64\www\codeigniter4\system\CodeIgniter.php(809): App\Controllers\Customer->__construct()
#5 C:\wamp64\www\codeigniter4\system\CodeIgniter.php(410): CodeIgniter\CodeIgniter->createController()
#6 C:\wamp64\www\codeigniter4\system\CodeIgniter.php(326): CodeIgniter\CodeIgniter->handleRequest()
#7 C:\wamp64\www\codeigniter4\public\index.php(37): CodeIgniter\CodeIgniter->run()
#8 C:\wamp64\www\codeigniter4\system\Commands\Server\rewrite.php(43): require_once('...')
#9 {main}
CRITICAL - 2022-03-03 14:20:15 --> Undefined constant "CodeIgniter\Database\MySQLi\MYSQLI_STORE_RESULT"
#0 C:\wamp64\www\codeigniter4\system\Database\Database.php(56): CodeIgniter\Database\Database->initDriver()
#1 C:\wamp64\www\codeigniter4\system\Database\Config.php(78): CodeIgniter\Database\Database->load()
#2 C:\wamp64\www\codeigniter4\system\Model.php(97): CodeIgniter\Database\Config::connect()
#3 C:\wamp64\www\codeigniter4\app\Controllers\Customer.php(12): CodeIgniter\Model->__construct()
#4 C:\wamp64\www\codeigniter4\system\CodeIgniter.php(809): App\Controllers\Customer->__construct()
#5 C:\wamp64\www\codeigniter4\system\CodeIgniter.php(410): CodeIgniter\CodeIgniter->createController()
#6 C:\wamp64\www\codeigniter4\system\CodeIgniter.php(326): CodeIgniter\CodeIgniter->handleRequest()
#7 C:\wamp64\www\codeigniter4\public\index.php(37): CodeIgniter\CodeIgniter->run()
#8 C:\wamp64\www\codeigniter4\system\Commands\Server\rewrite.php(43): require_once('...')
#9 {main}
CRITICAL - 2022-03-03 14:21:09 --> Undefined constant "CodeIgniter\Database\MySQLi\MYSQLI_STORE_RESULT"
#0 C:\wamp64\www\codeigniter4\system\Database\Database.php(56): CodeIgniter\Database\Database->initDriver()
#1 C:\wamp64\www\codeigniter4\system\Database\Config.php(78): CodeIgniter\Database\Database->load()
#2 C:\wamp64\www\codeigniter4\system\Model.php(97): CodeIgniter\Database\Config::connect()
#3 C:\wamp64\www\codeigniter4\app\Controllers\Customer.php(12): CodeIgniter\Model->__construct()
#4 C:\wamp64\www\codeigniter4\system\CodeIgniter.php(809): App\Controllers\Customer->__construct()
#5 C:\wamp64\www\codeigniter4\system\CodeIgniter.php(410): CodeIgniter\CodeIgniter->createController()
#6 C:\wamp64\www\codeigniter4\system\CodeIgniter.php(326): CodeIgniter\CodeIgniter->handleRequest()
#7 C:\wamp64\www\codeigniter4\public\index.php(37): CodeIgniter\CodeIgniter->run()
#8 C:\wamp64\www\codeigniter4\system\Commands\Server\rewrite.php(43): require_once('...')
#9 {main}
CRITICAL - 2022-03-03 14:22:55 --> Undefined constant "CodeIgniter\Database\MySQLi\MYSQLI_STORE_RESULT"
#0 C:\wamp64\www\codeigniter4\system\Database\Database.php(56): CodeIgniter\Database\Database->initDriver()
#1 C:\wamp64\www\codeigniter4\system\Database\Config.php(78): CodeIgniter\Database\Database->load()
#2 C:\wamp64\www\codeigniter4\system\Model.php(97): CodeIgniter\Database\Config::connect()
#3 C:\wamp64\www\codeigniter4\app\Controllers\Customer.php(12): CodeIgniter\Model->__construct()
#4 C:\wamp64\www\codeigniter4\system\CodeIgniter.php(809): App\Controllers\Customer->__construct()
#5 C:\wamp64\www\codeigniter4\system\CodeIgniter.php(410): CodeIgniter\CodeIgniter->createController()
#6 C:\wamp64\www\codeigniter4\system\CodeIgniter.php(326): CodeIgniter\CodeIgniter->handleRequest()
#7 C:\wamp64\www\codeigniter4\public\index.php(37): CodeIgniter\CodeIgniter->run()
#8 C:\wamp64\www\codeigniter4\system\Commands\Server\rewrite.php(43): require_once('...')
#9 {main}
CRITICAL - 2022-03-03 14:23:12 --> Undefined constant "CodeIgniter\Database\MySQLi\MYSQLI_STORE_RESULT"
#0 C:\wamp64\www\codeigniter4\system\Database\Database.php(56): CodeIgniter\Database\Database->initDriver()
#1 C:\wamp64\www\codeigniter4\system\Database\Config.php(78): CodeIgniter\Database\Database->load()
#2 C:\wamp64\www\codeigniter4\system\Model.php(97): CodeIgniter\Database\Config::connect()
#3 C:\wamp64\www\codeigniter4\app\Controllers\Customer.php(12): CodeIgniter\Model->__construct()
#4 C:\wamp64\www\codeigniter4\system\CodeIgniter.php(809): App\Controllers\Customer->__construct()
#5 C:\wamp64\www\codeigniter4\system\CodeIgniter.php(410): CodeIgniter\CodeIgniter->createController()
#6 C:\wamp64\www\codeigniter4\system\CodeIgniter.php(326): CodeIgniter\CodeIgniter->handleRequest()
#7 C:\wamp64\www\codeigniter4\public\index.php(37): CodeIgniter\CodeIgniter->run()
#8 C:\wamp64\www\codeigniter4\system\Commands\Server\rewrite.php(43): require_once('...')
#9 {main}
CRITICAL - 2022-03-03 14:24:52 --> Undefined constant "CodeIgniter\Database\MySQLi\MYSQLI_STORE_RESULT"
#0 C:\wamp64\www\codeigniter4\system\Database\Database.php(56): CodeIgniter\Database\Database->initDriver()
#1 C:\wamp64\www\codeigniter4\system\Database\Config.php(78): CodeIgniter\Database\Database->load()
#2 C:\wamp64\www\codeigniter4\system\Model.php(97): CodeIgniter\Database\Config::connect()
#3 C:\wamp64\www\codeigniter4\app\Controllers\Customer.php(12): CodeIgniter\Model->__construct()
#4 C:\wamp64\www\codeigniter4\system\CodeIgniter.php(809): App\Controllers\Customer->__construct()
#5 C:\wamp64\www\codeigniter4\system\CodeIgniter.php(410): CodeIgniter\CodeIgniter->createController()
#6 C:\wamp64\www\codeigniter4\system\CodeIgniter.php(326): CodeIgniter\CodeIgniter->handleRequest()
#7 C:\wamp64\www\codeigniter4\public\index.php(37): CodeIgniter\CodeIgniter->run()
#8 C:\wamp64\www\codeigniter4\system\Commands\Server\rewrite.php(43): require_once('...')
#9 {main}
CRITICAL - 2022-03-03 14:25:07 --> Undefined constant "CodeIgniter\Database\MySQLi\MYSQLI_STORE_RESULT"
#0 C:\wamp64\www\codeigniter4\system\Database\Database.php(56): CodeIgniter\Database\Database->initDriver()
#1 C:\wamp64\www\codeigniter4\system\Database\Config.php(78): CodeIgniter\Database\Database->load()
#2 C:\wamp64\www\codeigniter4\system\Model.php(97): CodeIgniter\Database\Config::connect()
#3 C:\wamp64\www\codeigniter4\app\Controllers\Customer.php(12): CodeIgniter\Model->__construct()
#4 C:\wamp64\www\codeigniter4\system\CodeIgniter.php(809): App\Controllers\Customer->__construct()
#5 C:\wamp64\www\codeigniter4\system\CodeIgniter.php(410): CodeIgniter\CodeIgniter->createController()
#6 C:\wamp64\www\codeigniter4\system\CodeIgniter.php(326): CodeIgniter\CodeIgniter->handleRequest()
#7 C:\wamp64\www\codeigniter4\public\index.php(37): CodeIgniter\CodeIgniter->run()
#8 C:\wamp64\www\codeigniter4\system\Commands\Server\rewrite.php(43): require_once('...')
#9 {main}
CRITICAL - 2022-03-03 14:25:10 --> Undefined constant "CodeIgniter\Database\MySQLi\MYSQLI_STORE_RESULT"
#0 C:\wamp64\www\codeigniter4\system\Database\Database.php(56): CodeIgniter\Database\Database->initDriver()
#1 C:\wamp64\www\codeigniter4\system\Database\Config.php(78): CodeIgniter\Database\Database->load()
#2 C:\wamp64\www\codeigniter4\system\Model.php(97): CodeIgniter\Database\Config::connect()
#3 C:\wamp64\www\codeigniter4\app\Controllers\Customer.php(12): CodeIgniter\Model->__construct()
#4 C:\wamp64\www\codeigniter4\system\CodeIgniter.php(809): App\Controllers\Customer->__construct()
#5 C:\wamp64\www\codeigniter4\system\CodeIgniter.php(410): CodeIgniter\CodeIgniter->createController()
#6 C:\wamp64\www\codeigniter4\system\CodeIgniter.php(326): CodeIgniter\CodeIgniter->handleRequest()
#7 C:\wamp64\www\codeigniter4\public\index.php(37): CodeIgniter\CodeIgniter->run()
#8 C:\wamp64\www\codeigniter4\system\Commands\Server\rewrite.php(43): require_once('...')
#9 {main}
CRITICAL - 2022-03-03 14:25:16 --> Undefined constant "CodeIgniter\Database\MySQLi\MYSQLI_STORE_RESULT"
#0 C:\wamp64\www\codeigniter4\system\Database\Database.php(56): CodeIgniter\Database\Database->initDriver()
#1 C:\wamp64\www\codeigniter4\system\Database\Config.php(78): CodeIgniter\Database\Database->load()
#2 C:\wamp64\www\codeigniter4\system\Model.php(97): CodeIgniter\Database\Config::connect()
#3 C:\wamp64\www\codeigniter4\app\Controllers\Customer.php(12): CodeIgniter\Model->__construct()
#4 C:\wamp64\www\codeigniter4\system\CodeIgniter.php(809): App\Controllers\Customer->__construct()
#5 C:\wamp64\www\codeigniter4\system\CodeIgniter.php(410): CodeIgniter\CodeIgniter->createController()
#6 C:\wamp64\www\codeigniter4\system\CodeIgniter.php(326): CodeIgniter\CodeIgniter->handleRequest()
#7 C:\wamp64\www\codeigniter4\public\index.php(37): CodeIgniter\CodeIgniter->run()
#8 C:\wamp64\www\codeigniter4\system\Commands\Server\rewrite.php(43): require_once('...')
#9 {main}
CRITICAL - 2022-03-03 14:25:47 --> Undefined constant "CodeIgniter\Database\MySQLi\MYSQLI_STORE_RESULT"
#0 C:\wamp64\www\codeigniter4\system\Database\Database.php(56): CodeIgniter\Database\Database->initDriver()
#1 C:\wamp64\www\codeigniter4\system\Database\Config.php(78): CodeIgniter\Database\Database->load()
#2 C:\wamp64\www\codeigniter4\system\Model.php(97): CodeIgniter\Database\Config::connect()
#3 C:\wamp64\www\codeigniter4\app\Controllers\Customer.php(12): CodeIgniter\Model->__construct()
#4 C:\wamp64\www\codeigniter4\system\CodeIgniter.php(809): App\Controllers\Customer->__construct()
#5 C:\wamp64\www\codeigniter4\system\CodeIgniter.php(410): CodeIgniter\CodeIgniter->createController()
#6 C:\wamp64\www\codeigniter4\system\CodeIgniter.php(326): CodeIgniter\CodeIgniter->handleRequest()
#7 C:\wamp64\www\codeigniter4\public\index.php(37): CodeIgniter\CodeIgniter->run()
#8 C:\wamp64\www\codeigniter4\system\Commands\Server\rewrite.php(43): require_once('...')
#9 {main}
CRITICAL - 2022-03-03 14:35:39 --> Undefined constant "CodeIgniter\Database\MySQLi\MYSQLI_STORE_RESULT"
#0 C:\wamp64\www\codeigniter4\system\Database\Database.php(56): CodeIgniter\Database\Database->initDriver()
#1 C:\wamp64\www\codeigniter4\system\Database\Config.php(78): CodeIgniter\Database\Database->load()
#2 C:\wamp64\www\codeigniter4\system\Model.php(97): CodeIgniter\Database\Config::connect()
#3 C:\wamp64\www\codeigniter4\app\Controllers\Customer.php(12): CodeIgniter\Model->__construct()
#4 C:\wamp64\www\codeigniter4\system\CodeIgniter.php(809): App\Controllers\Customer->__construct()
#5 C:\wamp64\www\codeigniter4\system\CodeIgniter.php(410): CodeIgniter\CodeIgniter->createController()
#6 C:\wamp64\www\codeigniter4\system\CodeIgniter.php(326): CodeIgniter\CodeIgniter->handleRequest()
#7 C:\wamp64\www\codeigniter4\public\index.php(37): CodeIgniter\CodeIgniter->run()
#8 C:\wamp64\www\codeigniter4\system\Commands\Server\rewrite.php(43): require_once('...')
#9 {main}
CRITICAL - 2022-03-03 14:36:04 --> Undefined constant "CodeIgniter\Database\MySQLi\MYSQLI_STORE_RESULT"
#0 C:\wamp64\www\codeigniter4\system\Database\Database.php(56): CodeIgniter\Database\Database->initDriver()
#1 C:\wamp64\www\codeigniter4\system\Database\Config.php(78): CodeIgniter\Database\Database->load()
#2 C:\wamp64\www\codeigniter4\system\Model.php(97): CodeIgniter\Database\Config::connect()
#3 C:\wamp64\www\codeigniter4\app\Controllers\Customer.php(12): CodeIgniter\Model->__construct()
#4 C:\wamp64\www\codeigniter4\system\CodeIgniter.php(809): App\Controllers\Customer->__construct()
#5 C:\wamp64\www\codeigniter4\system\CodeIgniter.php(410): CodeIgniter\CodeIgniter->createController()
#6 C:\wamp64\www\codeigniter4\system\CodeIgniter.php(326): CodeIgniter\CodeIgniter->handleRequest()
#7 C:\wamp64\www\codeigniter4\public\index.php(37): CodeIgniter\CodeIgniter->run()
#8 C:\wamp64\www\codeigniter4\system\Commands\Server\rewrite.php(43): require_once('...')
#9 {main}
CRITICAL - 2022-03-03 14:36:32 --> Undefined constant "CodeIgniter\Database\MySQLi\MYSQLI_STORE_RESULT"
#0 C:\wamp64\www\codeigniter4\system\Database\Database.php(56): CodeIgniter\Database\Database->initDriver()
#1 C:\wamp64\www\codeigniter4\system\Database\Config.php(78): CodeIgniter\Database\Database->load()
#2 C:\wamp64\www\codeigniter4\system\Model.php(97): CodeIgniter\Database\Config::connect()
#3 C:\wamp64\www\codeigniter4\app\Controllers\Customer.php(12): CodeIgniter\Model->__construct()
#4 C:\wamp64\www\codeigniter4\system\CodeIgniter.php(809): App\Controllers\Customer->__construct()
#5 C:\wamp64\www\codeigniter4\system\CodeIgniter.php(410): CodeIgniter\CodeIgniter->createController()
#6 C:\wamp64\www\codeigniter4\system\CodeIgniter.php(326): CodeIgniter\CodeIgniter->handleRequest()
#7 C:\wamp64\www\codeigniter4\public\index.php(37): CodeIgniter\CodeIgniter->run()
#8 C:\wamp64\www\codeigniter4\system\Commands\Server\rewrite.php(43): require_once('...')
#9 {main}
CRITICAL - 2022-03-03 14:36:35 --> Undefined constant "CodeIgniter\Database\MySQLi\MYSQLI_STORE_RESULT"
#0 C:\wamp64\www\codeigniter4\system\Database\Database.php(56): CodeIgniter\Database\Database->initDriver()
#1 C:\wamp64\www\codeigniter4\system\Database\Config.php(78): CodeIgniter\Database\Database->load()
#2 C:\wamp64\www\codeigniter4\system\Model.php(97): CodeIgniter\Database\Config::connect()
#3 C:\wamp64\www\codeigniter4\app\Controllers\Customer.php(12): CodeIgniter\Model->__construct()
#4 C:\wamp64\www\codeigniter4\system\CodeIgniter.php(809): App\Controllers\Customer->__construct()
#5 C:\wamp64\www\codeigniter4\system\CodeIgniter.php(410): CodeIgniter\CodeIgniter->createController()
#6 C:\wamp64\www\codeigniter4\system\CodeIgniter.php(326): CodeIgniter\CodeIgniter->handleRequest()
#7 C:\wamp64\www\codeigniter4\public\index.php(37): CodeIgniter\CodeIgniter->run()
#8 C:\wamp64\www\codeigniter4\system\Commands\Server\rewrite.php(43): require_once('...')
#9 {main}
CRITICAL - 2022-03-03 14:36:38 --> Undefined constant "CodeIgniter\Database\MySQLi\MYSQLI_STORE_RESULT"
#0 C:\wamp64\www\codeigniter4\system\Database\Database.php(56): CodeIgniter\Database\Database->initDriver()
#1 C:\wamp64\www\codeigniter4\system\Database\Config.php(78): CodeIgniter\Database\Database->load()
#2 C:\wamp64\www\codeigniter4\system\Model.php(97): CodeIgniter\Database\Config::connect()
#3 C:\wamp64\www\codeigniter4\app\Controllers\Customer.php(12): CodeIgniter\Model->__construct()
#4 C:\wamp64\www\codeigniter4\system\CodeIgniter.php(809): App\Controllers\Customer->__construct()
#5 C:\wamp64\www\codeigniter4\system\CodeIgniter.php(410): CodeIgniter\CodeIgniter->createController()
#6 C:\wamp64\www\codeigniter4\system\CodeIgniter.php(326): CodeIgniter\CodeIgniter->handleRequest()
#7 C:\wamp64\www\codeigniter4\public\index.php(37): CodeIgniter\CodeIgniter->run()
#8 C:\wamp64\www\codeigniter4\system\Commands\Server\rewrite.php(43): require_once('...')
#9 {main}
CRITICAL - 2022-03-03 14:37:32 --> Undefined constant "CodeIgniter\Database\MySQLi\MYSQLI_STORE_RESULT"
#0 C:\wamp64\www\codeigniter4\system\Database\Database.php(56): CodeIgniter\Database\Database->initDriver()
#1 C:\wamp64\www\codeigniter4\system\Database\Config.php(78): CodeIgniter\Database\Database->load()
#2 C:\wamp64\www\codeigniter4\system\Model.php(97): CodeIgniter\Database\Config::connect()
#3 C:\wamp64\www\codeigniter4\app\Controllers\Customer.php(12): CodeIgniter\Model->__construct()
#4 C:\wamp64\www\codeigniter4\system\CodeIgniter.php(809): App\Controllers\Customer->__construct()
#5 C:\wamp64\www\codeigniter4\system\CodeIgniter.php(410): CodeIgniter\CodeIgniter->createController()
#6 C:\wamp64\www\codeigniter4\system\CodeIgniter.php(326): CodeIgniter\CodeIgniter->handleRequest()
#7 C:\wamp64\www\codeigniter4\public\index.php(37): CodeIgniter\CodeIgniter->run()
#8 C:\wamp64\www\codeigniter4\system\Commands\Server\rewrite.php(43): require_once('...')
#9 {main}
CRITICAL - 2022-03-03 14:38:12 --> Undefined constant "CodeIgniter\Database\MySQLi\MYSQLI_STORE_RESULT"
#0 C:\wamp64\www\codeigniter4\system\Database\Database.php(56): CodeIgniter\Database\Database->initDriver()
#1 C:\wamp64\www\codeigniter4\system\Database\Config.php(78): CodeIgniter\Database\Database->load()
#2 C:\wamp64\www\codeigniter4\system\Model.php(97): CodeIgniter\Database\Config::connect()
#3 C:\wamp64\www\codeigniter4\app\Controllers\Customer.php(12): CodeIgniter\Model->__construct()
#4 C:\wamp64\www\codeigniter4\system\CodeIgniter.php(809): App\Controllers\Customer->__construct()
#5 C:\wamp64\www\codeigniter4\system\CodeIgniter.php(410): CodeIgniter\CodeIgniter->createController()
#6 C:\wamp64\www\codeigniter4\system\CodeIgniter.php(326): CodeIgniter\CodeIgniter->handleRequest()
#7 C:\wamp64\www\codeigniter4\public\index.php(37): CodeIgniter\CodeIgniter->run()
#8 C:\wamp64\www\codeigniter4\system\Commands\Server\rewrite.php(43): require_once('...')
#9 {main}
CRITICAL - 2022-03-03 14:38:15 --> Undefined constant "CodeIgniter\Database\MySQLi\MYSQLI_STORE_RESULT"
#0 C:\wamp64\www\codeigniter4\system\Database\Database.php(56): CodeIgniter\Database\Database->initDriver()
#1 C:\wamp64\www\codeigniter4\system\Database\Config.php(78): CodeIgniter\Database\Database->load()
#2 C:\wamp64\www\codeigniter4\system\Model.php(97): CodeIgniter\Database\Config::connect()
#3 C:\wamp64\www\codeigniter4\app\Controllers\Customer.php(12): CodeIgniter\Model->__construct()
#4 C:\wamp64\www\codeigniter4\system\CodeIgniter.php(809): App\Controllers\Customer->__construct()
#5 C:\wamp64\www\codeigniter4\system\CodeIgniter.php(410): CodeIgniter\CodeIgniter->createController()
#6 C:\wamp64\www\codeigniter4\system\CodeIgniter.php(326): CodeIgniter\CodeIgniter->handleRequest()
#7 C:\wamp64\www\codeigniter4\public\index.php(37): CodeIgniter\CodeIgniter->run()
#8 C:\wamp64\www\codeigniter4\system\Commands\Server\rewrite.php(43): require_once('...')
#9 {main}
CRITICAL - 2022-03-03 14:38:18 --> Undefined constant "CodeIgniter\Database\MySQLi\MYSQLI_STORE_RESULT"
#0 C:\wamp64\www\codeigniter4\system\Database\Database.php(56): CodeIgniter\Database\Database->initDriver()
#1 C:\wamp64\www\codeigniter4\system\Database\Config.php(78): CodeIgniter\Database\Database->load()
#2 C:\wamp64\www\codeigniter4\system\Model.php(97): CodeIgniter\Database\Config::connect()
#3 C:\wamp64\www\codeigniter4\app\Controllers\Customer.php(12): CodeIgniter\Model->__construct()
#4 C:\wamp64\www\codeigniter4\system\CodeIgniter.php(809): App\Controllers\Customer->__construct()
#5 C:\wamp64\www\codeigniter4\system\CodeIgniter.php(410): CodeIgniter\CodeIgniter->createController()
#6 C:\wamp64\www\codeigniter4\system\CodeIgniter.php(326): CodeIgniter\CodeIgniter->handleRequest()
#7 C:\wamp64\www\codeigniter4\public\index.php(37): CodeIgniter\CodeIgniter->run()
#8 C:\wamp64\www\codeigniter4\system\Commands\Server\rewrite.php(43): require_once('...')
#9 {main}
CRITICAL - 2022-03-03 14:39:01 --> Undefined constant "CodeIgniter\Database\MySQLi\MYSQLI_STORE_RESULT"
#0 C:\wamp64\www\codeigniter4\system\Database\Database.php(56): CodeIgniter\Database\Database->initDriver()
#1 C:\wamp64\www\codeigniter4\system\Database\Config.php(78): CodeIgniter\Database\Database->load()
#2 C:\wamp64\www\codeigniter4\system\Model.php(97): CodeIgniter\Database\Config::connect()
#3 C:\wamp64\www\codeigniter4\app\Controllers\Customer.php(12): CodeIgniter\Model->__construct()
#4 C:\wamp64\www\codeigniter4\system\CodeIgniter.php(809): App\Controllers\Customer->__construct()
#5 C:\wamp64\www\codeigniter4\system\CodeIgniter.php(410): CodeIgniter\CodeIgniter->createController()
#6 C:\wamp64\www\codeigniter4\system\CodeIgniter.php(326): CodeIgniter\CodeIgniter->handleRequest()
#7 C:\wamp64\www\codeigniter4\public\index.php(37): CodeIgniter\CodeIgniter->run()
#8 C:\wamp64\www\codeigniter4\system\Commands\Server\rewrite.php(43): require_once('...')
#9 {main}
CRITICAL - 2022-03-03 14:40:47 --> Undefined constant "CodeIgniter\Database\MySQLi\MYSQLI_STORE_RESULT"
#0 C:\wamp64\www\codeigniter4\system\Database\Database.php(56): CodeIgniter\Database\Database->initDriver()
#1 C:\wamp64\www\codeigniter4\system\Database\Config.php(78): CodeIgniter\Database\Database->load()
#2 C:\wamp64\www\codeigniter4\system\Model.php(97): CodeIgniter\Database\Config::connect()
#3 C:\wamp64\www\codeigniter4\app\Controllers\Customer.php(12): CodeIgniter\Model->__construct()
#4 C:\wamp64\www\codeigniter4\system\CodeIgniter.php(809): App\Controllers\Customer->__construct()
#5 C:\wamp64\www\codeigniter4\system\CodeIgniter.php(410): CodeIgniter\CodeIgniter->createController()
#6 C:\wamp64\www\codeigniter4\system\CodeIgniter.php(326): CodeIgniter\CodeIgniter->handleRequest()
#7 C:\wamp64\www\codeigniter4\public\index.php(37): CodeIgniter\CodeIgniter->run()
#8 C:\wamp64\www\codeigniter4\system\Commands\Server\rewrite.php(43): require_once('...')
#9 {main}
CRITICAL - 2022-03-03 14:40:57 --> Undefined constant "CodeIgniter\Database\MySQLi\MYSQLI_STORE_RESULT"
#0 C:\wamp64\www\codeigniter4\system\Database\Database.php(56): CodeIgniter\Database\Database->initDriver()
#1 C:\wamp64\www\codeigniter4\system\Database\Config.php(78): CodeIgniter\Database\Database->load()
#2 C:\wamp64\www\codeigniter4\system\Model.php(97): CodeIgniter\Database\Config::connect()
#3 C:\wamp64\www\codeigniter4\app\Controllers\Customer.php(12): CodeIgniter\Model->__construct()
#4 C:\wamp64\www\codeigniter4\system\CodeIgniter.php(809): App\Controllers\Customer->__construct()
#5 C:\wamp64\www\codeigniter4\system\CodeIgniter.php(410): CodeIgniter\CodeIgniter->createController()
#6 C:\wamp64\www\codeigniter4\system\CodeIgniter.php(326): CodeIgniter\CodeIgniter->handleRequest()
#7 C:\wamp64\www\codeigniter4\public\index.php(37): CodeIgniter\CodeIgniter->run()
#8 C:\wamp64\www\codeigniter4\system\Commands\Server\rewrite.php(43): require_once('...')
#9 {main}
CRITICAL - 2022-03-03 14:40:58 --> Undefined constant "CodeIgniter\Database\MySQLi\MYSQLI_STORE_RESULT"
#0 C:\wamp64\www\codeigniter4\system\Database\Database.php(56): CodeIgniter\Database\Database->initDriver()
#1 C:\wamp64\www\codeigniter4\system\Database\Config.php(78): CodeIgniter\Database\Database->load()
#2 C:\wamp64\www\codeigniter4\system\Model.php(97): CodeIgniter\Database\Config::connect()
#3 C:\wamp64\www\codeigniter4\app\Controllers\Customer.php(12): CodeIgniter\Model->__construct()
#4 C:\wamp64\www\codeigniter4\system\CodeIgniter.php(809): App\Controllers\Customer->__construct()
#5 C:\wamp64\www\codeigniter4\system\CodeIgniter.php(410): CodeIgniter\CodeIgniter->createController()
#6 C:\wamp64\www\codeigniter4\system\CodeIgniter.php(326): CodeIgniter\CodeIgniter->handleRequest()
#7 C:\wamp64\www\codeigniter4\public\index.php(37): CodeIgniter\CodeIgniter->run()
#8 C:\wamp64\www\codeigniter4\system\Commands\Server\rewrite.php(43): require_once('...')
#9 {main}
CRITICAL - 2022-03-03 14:41:11 --> Undefined constant "CodeIgniter\Database\MySQLi\MYSQLI_STORE_RESULT"
#0 C:\wamp64\www\codeigniter4\system\Database\Database.php(56): CodeIgniter\Database\Database->initDriver()
#1 C:\wamp64\www\codeigniter4\system\Database\Config.php(78): CodeIgniter\Database\Database->load()
#2 C:\wamp64\www\codeigniter4\system\Model.php(97): CodeIgniter\Database\Config::connect()
#3 C:\wamp64\www\codeigniter4\app\Controllers\Customer.php(12): CodeIgniter\Model->__construct()
#4 C:\wamp64\www\codeigniter4\system\CodeIgniter.php(809): App\Controllers\Customer->__construct()
#5 C:\wamp64\www\codeigniter4\system\CodeIgniter.php(410): CodeIgniter\CodeIgniter->createController()
#6 C:\wamp64\www\codeigniter4\system\CodeIgniter.php(326): CodeIgniter\CodeIgniter->handleRequest()
#7 C:\wamp64\www\codeigniter4\public\index.php(37): CodeIgniter\CodeIgniter->run()
#8 C:\wamp64\www\codeigniter4\system\Commands\Server\rewrite.php(43): require_once('...')
#9 {main}
CRITICAL - 2022-03-03 14:41:11 --> Undefined constant "CodeIgniter\Database\MySQLi\MYSQLI_STORE_RESULT"
#0 C:\wamp64\www\codeigniter4\system\Database\Database.php(56): CodeIgniter\Database\Database->initDriver()
#1 C:\wamp64\www\codeigniter4\system\Database\Config.php(78): CodeIgniter\Database\Database->load()
#2 C:\wamp64\www\codeigniter4\system\Model.php(97): CodeIgniter\Database\Config::connect()
#3 C:\wamp64\www\codeigniter4\app\Controllers\Customer.php(12): CodeIgniter\Model->__construct()
#4 C:\wamp64\www\codeigniter4\system\CodeIgniter.php(809): App\Controllers\Customer->__construct()
#5 C:\wamp64\www\codeigniter4\system\CodeIgniter.php(410): CodeIgniter\CodeIgniter->createController()
#6 C:\wamp64\www\codeigniter4\system\CodeIgniter.php(326): CodeIgniter\CodeIgniter->handleRequest()
#7 C:\wamp64\www\codeigniter4\public\index.php(37): CodeIgniter\CodeIgniter->run()
#8 C:\wamp64\www\codeigniter4\system\Commands\Server\rewrite.php(43): require_once('...')
#9 {main}
CRITICAL - 2022-03-03 14:42:29 --> Undefined constant "CodeIgniter\Database\MySQLi\MYSQLI_STORE_RESULT"
#0 C:\wamp64\www\codeigniter4\system\Database\Database.php(56): CodeIgniter\Database\Database->initDriver()
#1 C:\wamp64\www\codeigniter4\system\Database\Config.php(78): CodeIgniter\Database\Database->load()
#2 C:\wamp64\www\codeigniter4\system\Model.php(97): CodeIgniter\Database\Config::connect()
#3 C:\wamp64\www\codeigniter4\app\Controllers\Hello.php(12): CodeIgniter\Model->__construct()
#4 C:\wamp64\www\codeigniter4\system\CodeIgniter.php(809): App\Controllers\Hello->__construct()
#5 C:\wamp64\www\codeigniter4\system\CodeIgniter.php(410): CodeIgniter\CodeIgniter->createController()
#6 C:\wamp64\www\codeigniter4\system\CodeIgniter.php(326): CodeIgniter\CodeIgniter->handleRequest()
#7 C:\wamp64\www\codeigniter4\public\index.php(37): CodeIgniter\CodeIgniter->run()
#8 C:\wamp64\www\codeigniter4\system\Commands\Server\rewrite.php(43): require_once('...')
#9 {main}
CRITICAL - 2022-03-03 14:42:37 --> Undefined constant "CodeIgniter\Database\MySQLi\MYSQLI_STORE_RESULT"
#0 C:\wamp64\www\codeigniter4\system\Database\Database.php(56): CodeIgniter\Database\Database->initDriver()
#1 C:\wamp64\www\codeigniter4\system\Database\Config.php(78): CodeIgniter\Database\Database->load()
#2 C:\wamp64\www\codeigniter4\system\Model.php(97): CodeIgniter\Database\Config::connect()
#3 C:\wamp64\www\codeigniter4\app\Controllers\Hello.php(12): CodeIgniter\Model->__construct()
#4 C:\wamp64\www\codeigniter4\system\CodeIgniter.php(809): App\Controllers\Hello->__construct()
#5 C:\wamp64\www\codeigniter4\system\CodeIgniter.php(410): CodeIgniter\CodeIgniter->createController()
#6 C:\wamp64\www\codeigniter4\system\CodeIgniter.php(326): CodeIgniter\CodeIgniter->handleRequest()
#7 C:\wamp64\www\codeigniter4\public\index.php(37): CodeIgniter\CodeIgniter->run()
#8 C:\wamp64\www\codeigniter4\system\Commands\Server\rewrite.php(43): require_once('...')
#9 {main}
CRITICAL - 2022-03-03 14:42:38 --> Undefined constant "CodeIgniter\Database\MySQLi\MYSQLI_STORE_RESULT"
#0 C:\wamp64\www\codeigniter4\system\Database\Database.php(56): CodeIgniter\Database\Database->initDriver()
#1 C:\wamp64\www\codeigniter4\system\Database\Config.php(78): CodeIgniter\Database\Database->load()
#2 C:\wamp64\www\codeigniter4\system\Model.php(97): CodeIgniter\Database\Config::connect()
#3 C:\wamp64\www\codeigniter4\app\Controllers\Hello.php(12): CodeIgniter\Model->__construct()
#4 C:\wamp64\www\codeigniter4\system\CodeIgniter.php(809): App\Controllers\Hello->__construct()
#5 C:\wamp64\www\codeigniter4\system\CodeIgniter.php(410): CodeIgniter\CodeIgniter->createController()
#6 C:\wamp64\www\codeigniter4\system\CodeIgniter.php(326): CodeIgniter\CodeIgniter->handleRequest()
#7 C:\wamp64\www\codeigniter4\public\index.php(37): CodeIgniter\CodeIgniter->run()
#8 C:\wamp64\www\codeigniter4\system\Commands\Server\rewrite.php(43): require_once('...')
#9 {main}
CRITICAL - 2022-03-03 14:42:41 --> Undefined constant "CodeIgniter\Database\MySQLi\MYSQLI_STORE_RESULT"
#0 C:\wamp64\www\codeigniter4\system\Database\Database.php(56): CodeIgniter\Database\Database->initDriver()
#1 C:\wamp64\www\codeigniter4\system\Database\Config.php(78): CodeIgniter\Database\Database->load()
#2 C:\wamp64\www\codeigniter4\system\Model.php(97): CodeIgniter\Database\Config::connect()
#3 C:\wamp64\www\codeigniter4\app\Controllers\Hello.php(12): CodeIgniter\Model->__construct()
#4 C:\wamp64\www\codeigniter4\system\CodeIgniter.php(809): App\Controllers\Hello->__construct()
#5 C:\wamp64\www\codeigniter4\system\CodeIgniter.php(410): CodeIgniter\CodeIgniter->createController()
#6 C:\wamp64\www\codeigniter4\system\CodeIgniter.php(326): CodeIgniter\CodeIgniter->handleRequest()
#7 C:\wamp64\www\codeigniter4\public\index.php(37): CodeIgniter\CodeIgniter->run()
#8 C:\wamp64\www\codeigniter4\system\Commands\Server\rewrite.php(43): require_once('...')
#9 {main}
CRITICAL - 2022-03-03 14:48:54 --> Undefined constant "CodeIgniter\Database\MySQLi\MYSQLI_STORE_RESULT"
#0 C:\wamp64\www\codeigniter4\system\Database\Database.php(56): CodeIgniter\Database\Database->initDriver()
#1 C:\wamp64\www\codeigniter4\system\Database\Config.php(78): CodeIgniter\Database\Database->load()
#2 C:\wamp64\www\codeigniter4\system\Model.php(97): CodeIgniter\Database\Config::connect()
#3 C:\wamp64\www\codeigniter4\app\Controllers\Customer.php(12): CodeIgniter\Model->__construct()
#4 C:\wamp64\www\codeigniter4\system\CodeIgniter.php(809): App\Controllers\Customer->__construct()
#5 C:\wamp64\www\codeigniter4\system\CodeIgniter.php(410): CodeIgniter\CodeIgniter->createController()
#6 C:\wamp64\www\codeigniter4\system\CodeIgniter.php(326): CodeIgniter\CodeIgniter->handleRequest()
#7 C:\wamp64\www\codeigniter4\public\index.php(37): CodeIgniter\CodeIgniter->run()
#8 C:\wamp64\www\codeigniter4\system\Commands\Server\rewrite.php(43): require_once('...')
#9 {main}
CRITICAL - 2022-03-03 14:49:02 --> Undefined constant "CodeIgniter\Database\MySQLi\MYSQLI_STORE_RESULT"
#0 C:\wamp64\www\codeigniter4\system\Database\Database.php(56): CodeIgniter\Database\Database->initDriver()
#1 C:\wamp64\www\codeigniter4\system\Database\Config.php(78): CodeIgniter\Database\Database->load()
#2 C:\wamp64\www\codeigniter4\system\Model.php(97): CodeIgniter\Database\Config::connect()
#3 C:\wamp64\www\codeigniter4\app\Controllers\Customer.php(12): CodeIgniter\Model->__construct()
#4 C:\wamp64\www\codeigniter4\system\CodeIgniter.php(809): App\Controllers\Customer->__construct()
#5 C:\wamp64\www\codeigniter4\system\CodeIgniter.php(410): CodeIgniter\CodeIgniter->createController()
#6 C:\wamp64\www\codeigniter4\system\CodeIgniter.php(326): CodeIgniter\CodeIgniter->handleRequest()
#7 C:\wamp64\www\codeigniter4\public\index.php(37): CodeIgniter\CodeIgniter->run()
#8 C:\wamp64\www\codeigniter4\system\Commands\Server\rewrite.php(43): require_once('...')
#9 {main}
CRITICAL - 2022-03-03 14:49:13 --> Undefined constant "CodeIgniter\Database\MySQLi\MYSQLI_STORE_RESULT"
#0 C:\wamp64\www\codeigniter4\system\Database\Database.php(56): CodeIgniter\Database\Database->initDriver()
#1 C:\wamp64\www\codeigniter4\system\Database\Config.php(78): CodeIgniter\Database\Database->load()
#2 C:\wamp64\www\codeigniter4\system\Model.php(97): CodeIgniter\Database\Config::connect()
#3 C:\wamp64\www\codeigniter4\app\Controllers\Customer.php(12): CodeIgniter\Model->__construct()
#4 C:\wamp64\www\codeigniter4\system\CodeIgniter.php(809): App\Controllers\Customer->__construct()
#5 C:\wamp64\www\codeigniter4\system\CodeIgniter.php(410): CodeIgniter\CodeIgniter->createController()
#6 C:\wamp64\www\codeigniter4\system\CodeIgniter.php(326): CodeIgniter\CodeIgniter->handleRequest()
#7 C:\wamp64\www\codeigniter4\public\index.php(37): CodeIgniter\CodeIgniter->run()
#8 C:\wamp64\www\codeigniter4\system\Commands\Server\rewrite.php(43): require_once('...')
#9 {main}
CRITICAL - 2022-03-03 14:51:42 --> Undefined constant "CodeIgniter\Database\MySQLi\MYSQLI_STORE_RESULT"
#0 C:\wamp64\www\codeigniter4\system\Database\Database.php(56): CodeIgniter\Database\Database->initDriver()
#1 C:\wamp64\www\codeigniter4\system\Database\Config.php(78): CodeIgniter\Database\Database->load()
#2 C:\wamp64\www\codeigniter4\system\Model.php(97): CodeIgniter\Database\Config::connect()
#3 C:\wamp64\www\codeigniter4\app\Controllers\Customer.php(12): CodeIgniter\Model->__construct()
#4 C:\wamp64\www\codeigniter4\system\CodeIgniter.php(809): App\Controllers\Customer->__construct()
#5 C:\wamp64\www\codeigniter4\system\CodeIgniter.php(410): CodeIgniter\CodeIgniter->createController()
#6 C:\wamp64\www\codeigniter4\system\CodeIgniter.php(326): CodeIgniter\CodeIgniter->handleRequest()
#7 C:\wamp64\www\codeigniter4\public\index.php(37): CodeIgniter\CodeIgniter->run()
#8 C:\wamp64\www\codeigniter4\system\Commands\Server\rewrite.php(43): require_once('...')
#9 {main}
CRITICAL - 2022-03-03 14:51:43 --> Undefined constant "CodeIgniter\Database\MySQLi\MYSQLI_STORE_RESULT"
#0 C:\wamp64\www\codeigniter4\system\Database\Database.php(56): CodeIgniter\Database\Database->initDriver()
#1 C:\wamp64\www\codeigniter4\system\Database\Config.php(78): CodeIgniter\Database\Database->load()
#2 C:\wamp64\www\codeigniter4\system\Model.php(97): CodeIgniter\Database\Config::connect()
#3 C:\wamp64\www\codeigniter4\app\Controllers\Customer.php(12): CodeIgniter\Model->__construct()
#4 C:\wamp64\www\codeigniter4\system\CodeIgniter.php(809): App\Controllers\Customer->__construct()
#5 C:\wamp64\www\codeigniter4\system\CodeIgniter.php(410): CodeIgniter\CodeIgniter->createController()
#6 C:\wamp64\www\codeigniter4\system\CodeIgniter.php(326): CodeIgniter\CodeIgniter->handleRequest()
#7 C:\wamp64\www\codeigniter4\public\index.php(37): CodeIgniter\CodeIgniter->run()
#8 C:\wamp64\www\codeigniter4\system\Commands\Server\rewrite.php(43): require_once('...')
#9 {main}
CRITICAL - 2022-03-03 14:51:45 --> Undefined constant "CodeIgniter\Database\MySQLi\MYSQLI_STORE_RESULT"
#0 C:\wamp64\www\codeigniter4\system\Database\Database.php(56): CodeIgniter\Database\Database->initDriver()
#1 C:\wamp64\www\codeigniter4\system\Database\Config.php(78): CodeIgniter\Database\Database->load()
#2 C:\wamp64\www\codeigniter4\system\Model.php(97): CodeIgniter\Database\Config::connect()
#3 C:\wamp64\www\codeigniter4\app\Controllers\Customer.php(12): CodeIgniter\Model->__construct()
#4 C:\wamp64\www\codeigniter4\system\CodeIgniter.php(809): App\Controllers\Customer->__construct()
#5 C:\wamp64\www\codeigniter4\system\CodeIgniter.php(410): CodeIgniter\CodeIgniter->createController()
#6 C:\wamp64\www\codeigniter4\system\CodeIgniter.php(326): CodeIgniter\CodeIgniter->handleRequest()
#7 C:\wamp64\www\codeigniter4\public\index.php(37): CodeIgniter\CodeIgniter->run()
#8 C:\wamp64\www\codeigniter4\system\Commands\Server\rewrite.php(43): require_once('...')
#9 {main}
CRITICAL - 2022-03-03 14:52:51 --> Undefined constant "CodeIgniter\Database\MySQLi\MYSQLI_STORE_RESULT"
#0 C:\wamp64\www\codeigniter4\system\Database\Database.php(56): CodeIgniter\Database\Database->initDriver()
#1 C:\wamp64\www\codeigniter4\system\Database\Config.php(78): CodeIgniter\Database\Database->load()
#2 C:\wamp64\www\codeigniter4\system\Model.php(97): CodeIgniter\Database\Config::connect()
#3 C:\wamp64\www\codeigniter4\app\Controllers\Customer.php(12): CodeIgniter\Model->__construct()
#4 C:\wamp64\www\codeigniter4\system\CodeIgniter.php(809): App\Controllers\Customer->__construct()
#5 C:\wamp64\www\codeigniter4\system\CodeIgniter.php(410): CodeIgniter\CodeIgniter->createController()
#6 C:\wamp64\www\codeigniter4\system\CodeIgniter.php(326): CodeIgniter\CodeIgniter->handleRequest()
#7 C:\wamp64\www\codeigniter4\public\index.php(37): CodeIgniter\CodeIgniter->run()
#8 C:\wamp64\www\codeigniter4\system\Commands\Server\rewrite.php(43): require_once('...')
#9 {main}
CRITICAL - 2022-03-03 14:52:52 --> Undefined constant "CodeIgniter\Database\MySQLi\MYSQLI_STORE_RESULT"
#0 C:\wamp64\www\codeigniter4\system\Database\Database.php(56): CodeIgniter\Database\Database->initDriver()
#1 C:\wamp64\www\codeigniter4\system\Database\Config.php(78): CodeIgniter\Database\Database->load()
#2 C:\wamp64\www\codeigniter4\system\Model.php(97): CodeIgniter\Database\Config::connect()
#3 C:\wamp64\www\codeigniter4\app\Controllers\Customer.php(12): CodeIgniter\Model->__construct()
#4 C:\wamp64\www\codeigniter4\system\CodeIgniter.php(809): App\Controllers\Customer->__construct()
#5 C:\wamp64\www\codeigniter4\system\CodeIgniter.php(410): CodeIgniter\CodeIgniter->createController()
#6 C:\wamp64\www\codeigniter4\system\CodeIgniter.php(326): CodeIgniter\CodeIgniter->handleRequest()
#7 C:\wamp64\www\codeigniter4\public\index.php(37): CodeIgniter\CodeIgniter->run()
#8 C:\wamp64\www\codeigniter4\system\Commands\Server\rewrite.php(43): require_once('...')
#9 {main}
CRITICAL - 2022-03-03 14:53:17 --> Undefined constant "CodeIgniter\Database\MySQLi\MYSQLI_STORE_RESULT"
#0 C:\wamp64\www\codeigniter4\system\Database\Database.php(56): CodeIgniter\Database\Database->initDriver()
#1 C:\wamp64\www\codeigniter4\system\Database\Config.php(78): CodeIgniter\Database\Database->load()
#2 C:\wamp64\www\codeigniter4\system\Model.php(97): CodeIgniter\Database\Config::connect()
#3 C:\wamp64\www\codeigniter4\app\Controllers\Customer.php(12): CodeIgniter\Model->__construct()
#4 C:\wamp64\www\codeigniter4\system\CodeIgniter.php(809): App\Controllers\Customer->__construct()
#5 C:\wamp64\www\codeigniter4\system\CodeIgniter.php(410): CodeIgniter\CodeIgniter->createController()
#6 C:\wamp64\www\codeigniter4\system\CodeIgniter.php(326): CodeIgniter\CodeIgniter->handleRequest()
#7 C:\wamp64\www\codeigniter4\public\index.php(37): CodeIgniter\CodeIgniter->run()
#8 C:\wamp64\www\codeigniter4\system\Commands\Server\rewrite.php(43): require_once('...')
#9 {main}
CRITICAL - 2022-03-03 14:53:19 --> Undefined constant "CodeIgniter\Database\MySQLi\MYSQLI_STORE_RESULT"
#0 C:\wamp64\www\codeigniter4\system\Database\Database.php(56): CodeIgniter\Database\Database->initDriver()
#1 C:\wamp64\www\codeigniter4\system\Database\Config.php(78): CodeIgniter\Database\Database->load()
#2 C:\wamp64\www\codeigniter4\system\Model.php(97): CodeIgniter\Database\Config::connect()
#3 C:\wamp64\www\codeigniter4\app\Controllers\Customer.php(12): CodeIgniter\Model->__construct()
#4 C:\wamp64\www\codeigniter4\system\CodeIgniter.php(809): App\Controllers\Customer->__construct()
#5 C:\wamp64\www\codeigniter4\system\CodeIgniter.php(410): CodeIgniter\CodeIgniter->createController()
#6 C:\wamp64\www\codeigniter4\system\CodeIgniter.php(326): CodeIgniter\CodeIgniter->handleRequest()
#7 C:\wamp64\www\codeigniter4\public\index.php(37): CodeIgniter\CodeIgniter->run()
#8 C:\wamp64\www\codeigniter4\system\Commands\Server\rewrite.php(43): require_once('...')
#9 {main}
CRITICAL - 2022-03-03 14:53:46 --> Undefined constant "CodeIgniter\Database\MySQLi\MYSQLI_STORE_RESULT"
#0 C:\wamp64\www\codeigniter4\system\Database\Database.php(56): CodeIgniter\Database\Database->initDriver()
#1 C:\wamp64\www\codeigniter4\system\Database\Config.php(78): CodeIgniter\Database\Database->load()
#2 C:\wamp64\www\codeigniter4\system\Model.php(97): CodeIgniter\Database\Config::connect()
#3 C:\wamp64\www\codeigniter4\app\Controllers\Customer.php(12): CodeIgniter\Model->__construct()
#4 C:\wamp64\www\codeigniter4\system\CodeIgniter.php(809): App\Controllers\Customer->__construct()
#5 C:\wamp64\www\codeigniter4\system\CodeIgniter.php(410): CodeIgniter\CodeIgniter->createController()
#6 C:\wamp64\www\codeigniter4\system\CodeIgniter.php(326): CodeIgniter\CodeIgniter->handleRequest()
#7 C:\wamp64\www\codeigniter4\public\index.php(37): CodeIgniter\CodeIgniter->run()
#8 C:\wamp64\www\codeigniter4\system\Commands\Server\rewrite.php(43): require_once('...')
#9 {main}
CRITICAL - 2022-03-03 14:54:55 --> Undefined constant "CodeIgniter\Database\MySQLi\MYSQLI_STORE_RESULT"
#0 C:\wamp64\www\codeigniter4\system\Database\Database.php(56): CodeIgniter\Database\Database->initDriver()
#1 C:\wamp64\www\codeigniter4\system\Database\Config.php(78): CodeIgniter\Database\Database->load()
#2 C:\wamp64\www\codeigniter4\system\Model.php(97): CodeIgniter\Database\Config::connect()
#3 C:\wamp64\www\codeigniter4\app\Controllers\Customer.php(12): CodeIgniter\Model->__construct()
#4 C:\wamp64\www\codeigniter4\system\CodeIgniter.php(809): App\Controllers\Customer->__construct()
#5 C:\wamp64\www\codeigniter4\system\CodeIgniter.php(410): CodeIgniter\CodeIgniter->createController()
#6 C:\wamp64\www\codeigniter4\system\CodeIgniter.php(326): CodeIgniter\CodeIgniter->handleRequest()
#7 C:\wamp64\www\codeigniter4\public\index.php(37): CodeIgniter\CodeIgniter->run()
#8 C:\wamp64\www\codeigniter4\system\Commands\Server\rewrite.php(43): require_once('...')
#9 {main}
CRITICAL - 2022-03-03 14:59:37 --> Undefined constant "CodeIgniter\Database\MySQLi\MYSQLI_STORE_RESULT"
#0 C:\wamp64\www\codeigniter4\system\Database\Database.php(56): CodeIgniter\Database\Database->initDriver()
#1 C:\wamp64\www\codeigniter4\system\Database\Config.php(78): CodeIgniter\Database\Database->load()
#2 C:\wamp64\www\codeigniter4\system\Model.php(97): CodeIgniter\Database\Config::connect()
#3 C:\wamp64\www\codeigniter4\app\Controllers\Customer.php(12): CodeIgniter\Model->__construct()
#4 C:\wamp64\www\codeigniter4\system\CodeIgniter.php(809): App\Controllers\Customer->__construct()
#5 C:\wamp64\www\codeigniter4\system\CodeIgniter.php(410): CodeIgniter\CodeIgniter->createController()
#6 C:\wamp64\www\codeigniter4\system\CodeIgniter.php(326): CodeIgniter\CodeIgniter->handleRequest()
#7 C:\wamp64\www\codeigniter4\public\index.php(37): CodeIgniter\CodeIgniter->run()
#8 C:\wamp64\www\codeigniter4\system\Commands\Server\rewrite.php(43): require_once('...')
#9 {main}
CRITICAL - 2022-03-03 14:59:38 --> Undefined constant "CodeIgniter\Database\MySQLi\MYSQLI_STORE_RESULT"
#0 C:\wamp64\www\codeigniter4\system\Database\Database.php(56): CodeIgniter\Database\Database->initDriver()
#1 C:\wamp64\www\codeigniter4\system\Database\Config.php(78): CodeIgniter\Database\Database->load()
#2 C:\wamp64\www\codeigniter4\system\Model.php(97): CodeIgniter\Database\Config::connect()
#3 C:\wamp64\www\codeigniter4\app\Controllers\Customer.php(12): CodeIgniter\Model->__construct()
#4 C:\wamp64\www\codeigniter4\system\CodeIgniter.php(809): App\Controllers\Customer->__construct()
#5 C:\wamp64\www\codeigniter4\system\CodeIgniter.php(410): CodeIgniter\CodeIgniter->createController()
#6 C:\wamp64\www\codeigniter4\system\CodeIgniter.php(326): CodeIgniter\CodeIgniter->handleRequest()
#7 C:\wamp64\www\codeigniter4\public\index.php(37): CodeIgniter\CodeIgniter->run()
#8 C:\wamp64\www\codeigniter4\system\Commands\Server\rewrite.php(43): require_once('...')
#9 {main}
CRITICAL - 2022-03-03 15:01:11 --> Undefined constant "CodeIgniter\Database\MySQLi\MYSQLI_STORE_RESULT"
#0 C:\wamp64\www\codeigniter4\system\Database\Database.php(56): CodeIgniter\Database\Database->initDriver()
#1 C:\wamp64\www\codeigniter4\system\Database\Config.php(78): CodeIgniter\Database\Database->load()
#2 C:\wamp64\www\codeigniter4\system\Model.php(97): CodeIgniter\Database\Config::connect()
#3 C:\wamp64\www\codeigniter4\app\Controllers\Customer.php(12): CodeIgniter\Model->__construct()
#4 C:\wamp64\www\codeigniter4\system\CodeIgniter.php(809): App\Controllers\Customer->__construct()
#5 C:\wamp64\www\codeigniter4\system\CodeIgniter.php(410): CodeIgniter\CodeIgniter->createController()
#6 C:\wamp64\www\codeigniter4\system\CodeIgniter.php(326): CodeIgniter\CodeIgniter->handleRequest()
#7 C:\wamp64\www\codeigniter4\public\index.php(37): CodeIgniter\CodeIgniter->run()
#8 C:\wamp64\www\codeigniter4\system\Commands\Server\rewrite.php(43): require_once('...')
#9 {main}
CRITICAL - 2022-03-03 15:02:03 --> Undefined constant "CodeIgniter\Database\MySQLi\MYSQLI_STORE_RESULT"
#0 C:\wamp64\www\codeigniter4\system\Database\Database.php(56): CodeIgniter\Database\Database->initDriver()
#1 C:\wamp64\www\codeigniter4\system\Database\Config.php(78): CodeIgniter\Database\Database->load()
#2 C:\wamp64\www\codeigniter4\system\Model.php(97): CodeIgniter\Database\Config::connect()
#3 C:\wamp64\www\codeigniter4\app\Controllers\Customer.php(12): CodeIgniter\Model->__construct()
#4 C:\wamp64\www\codeigniter4\system\CodeIgniter.php(809): App\Controllers\Customer->__construct()
#5 C:\wamp64\www\codeigniter4\system\CodeIgniter.php(410): CodeIgniter\CodeIgniter->createController()
#6 C:\wamp64\www\codeigniter4\system\CodeIgniter.php(326): CodeIgniter\CodeIgniter->handleRequest()
#7 C:\wamp64\www\codeigniter4\public\index.php(37): CodeIgniter\CodeIgniter->run()
#8 C:\wamp64\www\codeigniter4\system\Commands\Server\rewrite.php(43): require_once('...')
#9 {main}
